[2012-07-09 17:26:51,535] [INFO] Connected to @hp2
[2012-07-09 17:39:01,331] [INFO] PUBLISH channel = thug.files, identifier = q6jyo@hp1, url = http://exploitserver.evil/instal_codecs.exe, md5 = eaf37d580c69d0d7463d8c10ebfa98a4, sha1 = 9e8616b6a0870c48112832a64ac3eb7b0bc67908, type = PE
[2012-07-09 17:39:02,010] [INFO] PUBLISH channel = thug.files, identifier = q6jyo@hp1, url = http://exploitserver.evil/instal_codecs.exe, md5 = eaf37d580c69d0d7463d8c10ebfa98a4, sha1 = 9e8616b6a0870c48112832a64ac3eb7b0bc67908, type = PE
[2012-07-09 17:39:21,375] [INFO] PUBLISH channel = thug.files, identifier = q6jyo@hp1, url = http://exploitserver.evil/instal_codecs.exe, md5 = eaf37d580c69d0d7463d8c10ebfa98a4, sha1 = 9e8616b6a0870c48112832a64ac3eb7b0bc67908, type = PE
[2012-07-09 17:39:23,013] [INFO] PUBLISH channel = thug.files, identifier = q6jyo@hp1, url = http://exploitserver.evil/freeGamez.exe, md5 = 05636e2d953e209347c12ceb10bb5e03, sha1 = 7ffc236f20f173aeb5fbcea7803d6a9c64c620fe, type = PE
[2012-07-09 17:39:24,847] [INFO] PUBLISH channel = thug.files, identifier = q6jyo@hp1, url = http://exploitserver.evil/freeGamez.exe, md5 = 05636e2d953e209347c12ceb10bb5e03, sha1 = 7ffc236f20f173aeb5fbcea7803d6a9c64c620fe, type = PE
[2012-07-09 17:39:25,749] [INFO] PUBLISH channel = thug.files, identifier = q6jyo@hp1, url = http://exploitserver.evil/instal_codecs.exe, md5 = eaf37d580c69d0d7463d8c10ebfa98a4, sha1 = 9e8616b6a0870c48112832a64ac3eb7b0bc67908, type = PE
[2012-07-09 17:42:15,677] [INFO] PUBLISH channel = thug.files, identifier = q6jyo@hp1, url = http://www.nask.pl/images/header/flash/main-header.swf, md5 = 0c2e9e98bb79252e4ee98b23ce2c8a85, sha1 = 7de86087a820816b22a1e82095691a1df17f451f, type = SWF
[2012-07-09 17:42:16,484] [INFO] PUBLISH channel = thug.files, identifier = q6jyo@hp1, url = http://www.nask.pl/images/header/flash/main-header.swf, md5 = 0c2e9e98bb79252e4ee98b23ce2c8a85, sha1 = 7de86087a820816b22a1e82095691a1df17f451f, type = SWF
[2012-07-09 17:42:16,793] [INFO] PUBLISH channel = thug.files, identifier = q6jyo@hp1, url = http://www.nask.pl/images/site/flash/loga-v2.swf, md5 = 0decf95d9cecb81db9fc27245503d9b9, sha1 = 0bc725c8b5609bd4f71bd0dc58af58c31ee1e14d, type = SWF
[2012-07-09 17:42:17,371] [INFO] PUBLISH channel = thug.files, identifier = q6jyo@hp1, url = http://www.nask.pl/images/site/flash/loga-v2.swf, md5 = 0decf95d9cecb81db9fc27245503d9b9, sha1 = 0bc725c8b5609bd4f71bd0dc58af58c31ee1e14d, type = SWF
[2012-07-09 18:43:28,661] [INFO] PUBLISH channel = thug.files, identifier = q6jyo@hp1, url = http://risqudoubleclick.info/Soo.jar, md5 = db8cdc979b89134037d9b82c069d7b1c, sha1 = 1c1b4e57c07c67feee0d3e210d23e29143a2f00e, type = JAR
[2012-07-09 18:43:31,900] [INFO] PUBLISH channel = thug.files, identifier = q6jyo@hp1, url = http://risqudoubleclick.info/w.php?f=d4fc7&e=2, md5 = 33a6a6942081bf48567b12d59bfb2c8a, sha1 = 1fd155f83665d3ee4bcee725089e6a502f25d23e, type = PE
[2012-07-09 18:43:32,640] [INFO] PUBLISH channel = thug.files, identifier = q6jyo@hp1, url = http://risqudoubleclick.info/w.php?f=cb27f&e=2, md5 = 833501ffd9a1218baa3b7bd1f047ed87, sha1 = f9ab1d2c769b4e7233d5f2354014be4f2eb822fc, type = PE
[2012-07-09 18:43:32,643] [INFO] PUBLISH channel = thug.files, identifier = q6jyo@hp1, url = http://risqudoubleclick.info/data/ap1.php?f=d4fc7::cb27f, md5 = e29bc45ec65ca75bce68c47f3573aba0, sha1 = 84daa842a055d77b4973c5011d6ec5cab1fcb72b, type = PDF
[2012-07-09 18:43:34,165] [INFO] PUBLISH channel = thug.files, identifier = q6jyo@hp1, url = http://risqudoubleclick.info/w.php?e=5&f=d4fc7, md5 = 33a6a6942081bf48567b12d59bfb2c8a, sha1 = 1fd155f83665d3ee4bcee725089e6a502f25d23e, type = PE
[2012-07-09 18:43:36,224] [INFO] PUBLISH channel = thug.files, identifier = q6jyo@hp1, url = http://risqudoubleclick.info/w.php?e=5&f=cb27f, md5 = 833501ffd9a1218baa3b7bd1f047ed87, sha1 = f9ab1d2c769b4e7233d5f2354014be4f2eb822fc, type = PE
[2012-07-09 18:43:36,227] [INFO] PUBLISH channel = thug.files, identifier = q6jyo@hp1, url = http://risqudoubleclick.info/data/field.swf, md5 = 502da89357ca5d7c85dc7a67f8977b21, sha1 = d55886f888b40f7c4069473c59408afb6ed8a2df, type = SWF
[2012-07-09 18:43:36,227] [INFO] PUBLISH channel = thug.files, identifier = q6jyo@hp1, url = http://risqudoubleclick.info/data/field.swf, md5 = 502da89357ca5d7c85dc7a67f8977b21, sha1 = d55886f888b40f7c4069473c59408afb6ed8a2df, type = SWF
[2012-07-09 21:52:18,518] [INFO] PUBLISH channel = thug.files, identifier = q6jyo@hp1, url = http://euxtoncorinthiansfc.co.uk/1689.exe, md5 = 76b2a3832ce39f81887fc3375af60fc5, sha1 = ad72776daa1cebffd3c52c4e6920c441cbe8a6f5, type = PE
[2012-07-09 21:52:29,828] [INFO] PUBLISH channel = thug.files, identifier = q6jyo@hp1, url = http://euxtoncorinthiansfc.co.uk/pd.exe, md5 = 34ac3d1ab72e67df7d60b3bd11604b02, sha1 = 3b84b185c1c633fbe8d6a3de37973214032de0d5, type = PE
[2012-07-09 21:53:48,459] [INFO] PUBLISH channel = thug.files, identifier = q6jyo@hp1, url = http://impromptutreated.info/Soo.jar, md5 = db8cdc979b89134037d9b82c069d7b1c, sha1 = 1c1b4e57c07c67feee0d3e210d23e29143a2f00e, type = JAR
[2012-07-09 21:53:59,775] [INFO] PUBLISH channel = thug.files, identifier = q6jyo@hp1, url = http://impromptutreated.info/w.php?f=fa88c&e=2, md5 = 63e37cbbe721f938603b1df0e5bd65b0, sha1 = b3f6e3d8172b05cbd33f7e9da5ec02e73cbc369a, type = PE
[2012-07-09 21:54:04,236] [INFO] PUBLISH channel = thug.files, identifier = q6jyo@hp1, url = http://impromptutreated.info/w.php?f=d4fc7&e=2, md5 = 33a6a6942081bf48567b12d59bfb2c8a, sha1 = 1fd155f83665d3ee4bcee725089e6a502f25d23e, type = PE
[2012-07-09 21:54:06,113] [INFO] PUBLISH channel = thug.files, identifier = q6jyo@hp1, url = http://impromptutreated.info/data/ap1.php?f=fa88c::d4fc7, md5 = 65b658f9d46ecddd9fa054f3d8a83f0a, sha1 = d4c5f6ce6f2203675a3366f9615f8ad5f435d47c, type = PDF
[2012-07-09 21:54:14,929] [INFO] PUBLISH channel = thug.files, identifier = q6jyo@hp1, url = http://impromptutreated.info/w.php?e=5&f=fa88c, md5 = 63e37cbbe721f938603b1df0e5bd65b0, sha1 = b3f6e3d8172b05cbd33f7e9da5ec02e73cbc369a, type = PE
[2012-07-09 21:54:19,422] [INFO] PUBLISH channel = thug.files, identifier = q6jyo@hp1, url = http://impromptutreated.info/w.php?e=5&f=d4fc7, md5 = 33a6a6942081bf48567b12d59bfb2c8a, sha1 = 1fd155f83665d3ee4bcee725089e6a502f25d23e, type = PE
[2012-07-09 21:54:20,018] [INFO] PUBLISH channel = thug.files, identifier = q6jyo@hp1, url = http://impromptutreated.info/data/field.swf, md5 = 502da89357ca5d7c85dc7a67f8977b21, sha1 = d55886f888b40f7c4069473c59408afb6ed8a2df, type = SWF
[2012-07-09 21:54:21,559] [INFO] PUBLISH channel = thug.files, identifier = q6jyo@hp1, url = http://impromptutreated.info/data/field.swf, md5 = 502da89357ca5d7c85dc7a67f8977b21, sha1 = d55886f888b40f7c4069473c59408afb6ed8a2df, type = SWF
[2012-07-09 21:54:30,766] [INFO] PUBLISH channel = thug.files, identifier = q6jyo@hp1, url = http://impromptutreated.info/w.php?f=d4fc7, md5 = 33a6a6942081bf48567b12d59bfb2c8a, sha1 = 1fd155f83665d3ee4bcee725089e6a502f25d23e, type = PE
[2012-07-09 21:56:24,095] [INFO] PUBLISH channel = thug.files, identifier = q6jyo@hp1, url = http://novinhologram.com/a5Epb0.exe, md5 = c3f056c46ac0fec88ae7e60a49d71f85, sha1 = 665ce03de586a89637d5e35d1c6d46b6de715d5a, type = PE
[2012-07-09 21:57:04,254] [INFO] PUBLISH channel = thug.files, identifier = q6jyo@hp1, url = http://risqudoubleclick.info/Soo.jar, md5 = db8cdc979b89134037d9b82c069d7b1c, sha1 = 1c1b4e57c07c67feee0d3e210d23e29143a2f00e, type = JAR
[2012-07-09 21:57:13,258] [INFO] PUBLISH channel = thug.files, identifier = q6jyo@hp1, url = http://risqudoubleclick.info/w.php?f=d4fc7&e=2, md5 = 33a6a6942081bf48567b12d59bfb2c8a, sha1 = 1fd155f83665d3ee4bcee725089e6a502f25d23e, type = PE
[2012-07-09 21:57:20,293] [INFO] PUBLISH channel = thug.files, identifier = q6jyo@hp1, url = http://risqudoubleclick.info/w.php?f=cb27f&e=2, md5 = 833501ffd9a1218baa3b7bd1f047ed87, sha1 = f9ab1d2c769b4e7233d5f2354014be4f2eb822fc, type = PE
[2012-07-09 21:57:22,032] [INFO] PUBLISH channel = thug.files, identifier = q6jyo@hp1, url = http://risqudoubleclick.info/data/ap1.php?f=d4fc7::cb27f, md5 = e29bc45ec65ca75bce68c47f3573aba0, sha1 = 84daa842a055d77b4973c5011d6ec5cab1fcb72b, type = PDF
[2012-07-09 21:57:28,374] [INFO] PUBLISH channel = thug.files, identifier = q6jyo@hp1, url = http://risqudoubleclick.info/w.php?e=5&f=d4fc7, md5 = 33a6a6942081bf48567b12d59bfb2c8a, sha1 = 1fd155f83665d3ee4bcee725089e6a502f25d23e, type = PE
[2012-07-09 21:57:35,329] [INFO] PUBLISH channel = thug.files, identifier = q6jyo@hp1, url = http://risqudoubleclick.info/w.php?e=5&f=cb27f, md5 = 833501ffd9a1218baa3b7bd1f047ed87, sha1 = f9ab1d2c769b4e7233d5f2354014be4f2eb822fc, type = PE
[2012-07-09 21:57:35,627] [INFO] PUBLISH channel = thug.files, identifier = q6jyo@hp1, url = http://risqudoubleclick.info/data/field.swf, md5 = 502da89357ca5d7c85dc7a67f8977b21, sha1 = d55886f888b40f7c4069473c59408afb6ed8a2df, type = SWF
[2012-07-09 21:57:37,042] [INFO] PUBLISH channel = thug.files, identifier = q6jyo@hp1, url = http://risqudoubleclick.info/data/field.swf, md5 = 502da89357ca5d7c85dc7a67f8977b21, sha1 = d55886f888b40f7c4069473c59408afb6ed8a2df, type = SWF
[2012-07-09 21:57:45,924] [INFO] PUBLISH channel = thug.files, identifier = q6jyo@hp1, url = http://risqudoubleclick.info/w.php?f=d4fc7, md5 = 33a6a6942081bf48567b12d59bfb2c8a, sha1 = 1fd155f83665d3ee4bcee725089e6a502f25d23e, type = PE
[2012-07-09 22:00:28,160] [INFO] PUBLISH channel = thug.files, identifier = q6jyo@hp1, url = http://www.artevoz.com.br/9D0JP.exe, md5 = 69c693d0a23972302a373bd18d55cfc9, sha1 = 107551503cd652fb0aa1d947a69605933b5c3a97, type = PE
[2012-07-09 22:32:17,543] [INFO] PUBLISH channel = thug.files, identifier = q6jyo@hp1, url = http://exploitserver.evil/instal_codecs.exe, md5 = eaf37d580c69d0d7463d8c10ebfa98a4, sha1 = 9e8616b6a0870c48112832a64ac3eb7b0bc67908, type = PE
[2012-07-09 22:32:18,450] [INFO] PUBLISH channel = thug.files, identifier = q6jyo@hp1, url = http://exploitserver.evil/instal_codecs.exe, md5 = eaf37d580c69d0d7463d8c10ebfa98a4, sha1 = 9e8616b6a0870c48112832a64ac3eb7b0bc67908, type = PE
[2012-07-09 22:32:38,814] [INFO] PUBLISH channel = thug.files, identifier = q6jyo@hp1, url = http://exploitserver.evil/instal_codecs.exe, md5 = eaf37d580c69d0d7463d8c10ebfa98a4, sha1 = 9e8616b6a0870c48112832a64ac3eb7b0bc67908, type = PE
[2012-07-09 22:32:40,169] [INFO] PUBLISH channel = thug.files, identifier = q6jyo@hp1, url = http://exploitserver.evil/freeGamez.exe, md5 = 05636e2d953e209347c12ceb10bb5e03, sha1 = 7ffc236f20f173aeb5fbcea7803d6a9c64c620fe, type = PE
[2012-07-09 22:32:41,113] [INFO] PUBLISH channel = thug.files, identifier = q6jyo@hp1, url = http://exploitserver.evil/freeGamez.exe, md5 = 05636e2d953e209347c12ceb10bb5e03, sha1 = 7ffc236f20f173aeb5fbcea7803d6a9c64c620fe, type = PE
[2012-07-09 22:32:47,255] [INFO] PUBLISH channel = thug.files, identifier = q6jyo@hp1, url = http://exploitserver.evil/instal_codecs.exe, md5 = eaf37d580c69d0d7463d8c10ebfa98a4, sha1 = 9e8616b6a0870c48112832a64ac3eb7b0bc67908, type = PE
[2012-07-09 22:35:10,169] [INFO] PUBLISH channel = thug.files, identifier = q6jyo@hp1, url = http://www.nask.pl/images/header/flash/main-header.swf, md5 = 0c2e9e98bb79252e4ee98b23ce2c8a85, sha1 = 7de86087a820816b22a1e82095691a1df17f451f, type = SWF
[2012-07-09 22:35:10,487] [INFO] PUBLISH channel = thug.files, identifier = q6jyo@hp1, url = http://www.nask.pl/images/header/flash/main-header.swf, md5 = 0c2e9e98bb79252e4ee98b23ce2c8a85, sha1 = 7de86087a820816b22a1e82095691a1df17f451f, type = SWF
[2012-07-09 22:35:10,793] [INFO] PUBLISH channel = thug.files, identifier = q6jyo@hp1, url = http://www.nask.pl/images/site/flash/loga-v2.swf, md5 = 0decf95d9cecb81db9fc27245503d9b9, sha1 = 0bc725c8b5609bd4f71bd0dc58af58c31ee1e14d, type = SWF
[2012-07-09 22:35:10,795] [INFO] PUBLISH channel = thug.files, identifier = q6jyo@hp1, url = http://www.nask.pl/images/site/flash/loga-v2.swf, md5 = 0decf95d9cecb81db9fc27245503d9b9, sha1 = 0bc725c8b5609bd4f71bd0dc58af58c31ee1e14d, type = SWF
[2012-07-09 22:52:29,339] [INFO] PUBLISH channel = thug.files, identifier = q6jyo@hp1, url = http://euxtoncorinthiansfc.co.uk/1689.exe, md5 = 76b2a3832ce39f81887fc3375af60fc5, sha1 = ad72776daa1cebffd3c52c4e6920c441cbe8a6f5, type = PE
[2012-07-09 22:53:18,823] [INFO] PUBLISH channel = thug.files, identifier = q6jyo@hp1, url = http://euxtoncorinthiansfc.co.uk/1689.exe, md5 = 76b2a3832ce39f81887fc3375af60fc5, sha1 = ad72776daa1cebffd3c52c4e6920c441cbe8a6f5, type = PE
[2012-07-09 23:06:38,863] [INFO] PUBLISH channel = thug.files, identifier = q6jyo@hp1, url = http://euxtoncorinthiansfc.co.uk/1689.exe, md5 = 76b2a3832ce39f81887fc3375af60fc5, sha1 = ad72776daa1cebffd3c52c4e6920c441cbe8a6f5, type = PE
[2012-07-09 23:10:15,298] [INFO] PUBLISH channel = thug.files, identifier = q6jyo@hp1, url = http://exploitserver.evil/instal_codecs.exe, md5 = eaf37d580c69d0d7463d8c10ebfa98a4, sha1 = 9e8616b6a0870c48112832a64ac3eb7b0bc67908, type = PE
[2012-07-09 23:10:17,883] [INFO] PUBLISH channel = thug.files, identifier = q6jyo@hp1, url = http://exploitserver.evil/instal_codecs.exe, md5 = eaf37d580c69d0d7463d8c10ebfa98a4, sha1 = 9e8616b6a0870c48112832a64ac3eb7b0bc67908, type = PE
[2012-07-09 23:10:41,069] [INFO] PUBLISH channel = thug.files, identifier = q6jyo@hp1, url = http://exploitserver.evil/instal_codecs.exe, md5 = eaf37d580c69d0d7463d8c10ebfa98a4, sha1 = 9e8616b6a0870c48112832a64ac3eb7b0bc67908, type = PE
[2012-07-09 23:10:42,604] [INFO] PUBLISH channel = thug.files, identifier = q6jyo@hp1, url = http://exploitserver.evil/freeGamez.exe, md5 = 05636e2d953e209347c12ceb10bb5e03, sha1 = 7ffc236f20f173aeb5fbcea7803d6a9c64c620fe, type = PE
[2012-07-09 23:10:43,694] [INFO] PUBLISH channel = thug.files, identifier = q6jyo@hp1, url = http://exploitserver.evil/freeGamez.exe, md5 = 05636e2d953e209347c12ceb10bb5e03, sha1 = 7ffc236f20f173aeb5fbcea7803d6a9c64c620fe, type = PE
[2012-07-09 23:10:44,604] [INFO] PUBLISH channel = thug.files, identifier = q6jyo@hp1, url = http://exploitserver.evil/instal_codecs.exe, md5 = eaf37d580c69d0d7463d8c10ebfa98a4, sha1 = 9e8616b6a0870c48112832a64ac3eb7b0bc67908, type = PE
[2012-07-09 23:13:07,275] [INFO] PUBLISH channel = thug.files, identifier = q6jyo@hp1, url = http://www.nask.pl/images/header/flash/main-header.swf, md5 = 0c2e9e98bb79252e4ee98b23ce2c8a85, sha1 = 7de86087a820816b22a1e82095691a1df17f451f, type = SWF
[2012-07-09 23:13:07,707] [INFO] PUBLISH channel = thug.files, identifier = q6jyo@hp1, url = http://www.nask.pl/images/header/flash/main-header.swf, md5 = 0c2e9e98bb79252e4ee98b23ce2c8a85, sha1 = 7de86087a820816b22a1e82095691a1df17f451f, type = SWF
[2012-07-09 23:13:07,709] [INFO] PUBLISH channel = thug.files, identifier = q6jyo@hp1, url = http://www.nask.pl/images/site/flash/loga-v2.swf, md5 = 0decf95d9cecb81db9fc27245503d9b9, sha1 = 0bc725c8b5609bd4f71bd0dc58af58c31ee1e14d, type = SWF
[2012-07-09 23:13:08,033] [INFO] PUBLISH channel = thug.files, identifier = q6jyo@hp1, url = http://www.nask.pl/images/site/flash/loga-v2.swf, md5 = 0decf95d9cecb81db9fc27245503d9b9, sha1 = 0bc725c8b5609bd4f71bd0dc58af58c31ee1e14d, type = SWF
[2012-07-10 00:03:37,599] [INFO] PUBLISH channel = thug.files, identifier = q6jyo@hp1, url = http://184.173.28.6/spn.jar, md5 = bc185c68f34d8f069e7e2ff3a481b0f0, sha1 = 64d25e09d99fa7ba219fa99d1ffefac6c0310349, type = JAR
[2012-07-10 00:03:41,324] [INFO] PUBLISH channel = thug.files, identifier = q6jyo@hp1, url = http://184.173.28.6/w.php?f=1e9ef&e=2, md5 = 3899d4388e64ee47faa38c73d3eadd8b, sha1 = 11c5cbd632e9317e0c2919558956fc45fdb1fa62, type = PE
[2012-07-10 00:03:42,268] [INFO] PUBLISH channel = thug.files, identifier = q6jyo@hp1, url = http://184.173.28.6/data/ap1.php?f=1e9ef, md5 = f3096347d925bdc5414772114ce673f4, sha1 = cc3abc8482b0c120b546fb5fe158a47c0a2f192b, type = PDF
[2012-07-10 00:03:45,772] [INFO] PUBLISH channel = thug.files, identifier = q6jyo@hp1, url = http://184.173.28.6/w.php?e=5&f=1e9ef, md5 = 3899d4388e64ee47faa38c73d3eadd8b, sha1 = 11c5cbd632e9317e0c2919558956fc45fdb1fa62, type = PE
[2012-07-10 04:14:56,371] [INFO] PUBLISH channel = thug.files, identifier = q6jyo@hp1, url = http://euxtoncorinthiansfc.co.uk/1689.exe, md5 = 76b2a3832ce39f81887fc3375af60fc5, sha1 = ad72776daa1cebffd3c52c4e6920c441cbe8a6f5, type = PE
[2012-07-10 04:15:16,170] [INFO] PUBLISH channel = thug.files, identifier = q6jyo@hp1, url = http://risqudoubleclick.info/Soo.jar, md5 = db8cdc979b89134037d9b82c069d7b1c, sha1 = 1c1b4e57c07c67feee0d3e210d23e29143a2f00e, type = JAR
[2012-07-10 04:15:25,392] [INFO] PUBLISH channel = thug.files, identifier = q6jyo@hp1, url = http://risqudoubleclick.info/w.php?f=d4fc7&e=2, md5 = 33a6a6942081bf48567b12d59bfb2c8a, sha1 = 1fd155f83665d3ee4bcee725089e6a502f25d23e, type = PE
[2012-07-10 04:15:33,820] [INFO] PUBLISH channel = thug.files, identifier = q6jyo@hp1, url = http://risqudoubleclick.info/w.php?f=cb27f&e=2, md5 = 833501ffd9a1218baa3b7bd1f047ed87, sha1 = f9ab1d2c769b4e7233d5f2354014be4f2eb822fc, type = PE
[2012-07-10 04:15:33,824] [INFO] PUBLISH channel = thug.files, identifier = q6jyo@hp1, url = http://risqudoubleclick.info/data/ap1.php?f=d4fc7::cb27f, md5 = e29bc45ec65ca75bce68c47f3573aba0, sha1 = 84daa842a055d77b4973c5011d6ec5cab1fcb72b, type = PDF
[2012-07-10 04:15:39,859] [INFO] PUBLISH channel = thug.files, identifier = q6jyo@hp1, url = http://risqudoubleclick.info/w.php?e=5&f=d4fc7, md5 = 33a6a6942081bf48567b12d59bfb2c8a, sha1 = 1fd155f83665d3ee4bcee725089e6a502f25d23e, type = PE
[2012-07-10 04:15:48,613] [INFO] PUBLISH channel = thug.files, identifier = q6jyo@hp1, url = http://risqudoubleclick.info/w.php?e=5&f=cb27f, md5 = 833501ffd9a1218baa3b7bd1f047ed87, sha1 = f9ab1d2c769b4e7233d5f2354014be4f2eb822fc, type = PE
[2012-07-10 04:15:48,616] [INFO] PUBLISH channel = thug.files, identifier = q6jyo@hp1, url = http://risqudoubleclick.info/data/field.swf, md5 = 502da89357ca5d7c85dc7a67f8977b21, sha1 = d55886f888b40f7c4069473c59408afb6ed8a2df, type = SWF
[2012-07-10 04:15:48,616] [INFO] PUBLISH channel = thug.files, identifier = q6jyo@hp1, url = http://risqudoubleclick.info/data/field.swf, md5 = 502da89357ca5d7c85dc7a67f8977b21, sha1 = d55886f888b40f7c4069473c59408afb6ed8a2df, type = SWF
[2012-07-10 04:16:48,212] [INFO] PUBLISH channel = thug.files, identifier = q6jyo@hp1, url = http://risqudoubleclick.info/Soo.jar, md5 = db8cdc979b89134037d9b82c069d7b1c, sha1 = 1c1b4e57c07c67feee0d3e210d23e29143a2f00e, type = JAR
[2012-07-10 04:16:58,025] [INFO] PUBLISH channel = thug.files, identifier = q6jyo@hp1, url = http://risqudoubleclick.info/w.php?f=d4fc7&e=2, md5 = 33a6a6942081bf48567b12d59bfb2c8a, sha1 = 1fd155f83665d3ee4bcee725089e6a502f25d23e, type = PE
[2012-07-10 04:17:06,834] [INFO] PUBLISH channel = thug.files, identifier = q6jyo@hp1, url = http://risqudoubleclick.info/w.php?f=cb27f&e=2, md5 = 833501ffd9a1218baa3b7bd1f047ed87, sha1 = f9ab1d2c769b4e7233d5f2354014be4f2eb822fc, type = PE
[2012-07-10 04:17:06,838] [INFO] PUBLISH channel = thug.files, identifier = q6jyo@hp1, url = http://risqudoubleclick.info/data/ap1.php?f=d4fc7::cb27f, md5 = e29bc45ec65ca75bce68c47f3573aba0, sha1 = 84daa842a055d77b4973c5011d6ec5cab1fcb72b, type = PDF
[2012-07-10 04:17:14,095] [INFO] PUBLISH channel = thug.files, identifier = q6jyo@hp1, url = http://risqudoubleclick.info/w.php?e=5&f=d4fc7, md5 = 33a6a6942081bf48567b12d59bfb2c8a, sha1 = 1fd155f83665d3ee4bcee725089e6a502f25d23e, type = PE
[2012-07-10 04:17:22,588] [INFO] PUBLISH channel = thug.files, identifier = q6jyo@hp1, url = http://risqudoubleclick.info/w.php?e=5&f=cb27f, md5 = 833501ffd9a1218baa3b7bd1f047ed87, sha1 = f9ab1d2c769b4e7233d5f2354014be4f2eb822fc, type = PE
[2012-07-10 04:17:22,591] [INFO] PUBLISH channel = thug.files, identifier = q6jyo@hp1, url = http://risqudoubleclick.info/data/field.swf, md5 = 502da89357ca5d7c85dc7a67f8977b21, sha1 = d55886f888b40f7c4069473c59408afb6ed8a2df, type = SWF
[2012-07-10 04:17:22,591] [INFO] PUBLISH channel = thug.files, identifier = q6jyo@hp1, url = http://risqudoubleclick.info/data/field.swf, md5 = 502da89357ca5d7c85dc7a67f8977b21, sha1 = d55886f888b40f7c4069473c59408afb6ed8a2df, type = SWF
[2012-07-10 04:18:59,122] [INFO] PUBLISH channel = thug.files, identifier = q6jyo@hp1, url = http://euxtoncorinthiansfc.co.uk/1689.exe, md5 = 76b2a3832ce39f81887fc3375af60fc5, sha1 = ad72776daa1cebffd3c52c4e6920c441cbe8a6f5, type = PE
[2012-07-10 06:22:07,574] [INFO] Connected to @hp2
[2012-07-10 07:06:23,131] [INFO] PUBLISH channel = thug.files, identifier = q6jyo@hp1, url = http://risqudoubleclick.info/Soo.jar, md5 = db8cdc979b89134037d9b82c069d7b1c, sha1 = 1c1b4e57c07c67feee0d3e210d23e29143a2f00e, type = JAR
[2012-07-10 07:06:30,858] [INFO] PUBLISH channel = thug.files, identifier = q6jyo@hp1, url = http://risqudoubleclick.info/w.php?f=d4fc7&e=2, md5 = 33a6a6942081bf48567b12d59bfb2c8a, sha1 = 1fd155f83665d3ee4bcee725089e6a502f25d23e, type = PE
[2012-07-10 07:06:38,531] [INFO] PUBLISH channel = thug.files, identifier = q6jyo@hp1, url = http://risqudoubleclick.info/w.php?f=cb27f&e=2, md5 = 833501ffd9a1218baa3b7bd1f047ed87, sha1 = f9ab1d2c769b4e7233d5f2354014be4f2eb822fc, type = PE
[2012-07-10 07:06:38,535] [INFO] PUBLISH channel = thug.files, identifier = q6jyo@hp1, url = http://risqudoubleclick.info/data/ap1.php?f=d4fc7::cb27f, md5 = e29bc45ec65ca75bce68c47f3573aba0, sha1 = 84daa842a055d77b4973c5011d6ec5cab1fcb72b, type = PDF
[2012-07-10 07:06:43,861] [INFO] PUBLISH channel = thug.files, identifier = q6jyo@hp1, url = http://risqudoubleclick.info/w.php?e=5&f=d4fc7, md5 = 33a6a6942081bf48567b12d59bfb2c8a, sha1 = 1fd155f83665d3ee4bcee725089e6a502f25d23e, type = PE
[2012-07-10 07:06:50,850] [INFO] PUBLISH channel = thug.files, identifier = q6jyo@hp1, url = http://risqudoubleclick.info/w.php?e=5&f=cb27f, md5 = 833501ffd9a1218baa3b7bd1f047ed87, sha1 = f9ab1d2c769b4e7233d5f2354014be4f2eb822fc, type = PE
[2012-07-10 07:06:50,853] [INFO] PUBLISH channel = thug.files, identifier = q6jyo@hp1, url = http://risqudoubleclick.info/data/field.swf, md5 = 502da89357ca5d7c85dc7a67f8977b21, sha1 = d55886f888b40f7c4069473c59408afb6ed8a2df, type = SWF
[2012-07-10 07:06:50,853] [INFO] PUBLISH channel = thug.files, identifier = q6jyo@hp1, url = http://risqudoubleclick.info/data/field.swf, md5 = 502da89357ca5d7c85dc7a67f8977b21, sha1 = d55886f888b40f7c4069473c59408afb6ed8a2df, type = SWF
[2012-07-10 07:08:03,507] [INFO] PUBLISH channel = thug.files, identifier = q6jyo@hp1, url = http://risqudoubleclick.info/Soo.jar, md5 = db8cdc979b89134037d9b82c069d7b1c, sha1 = 1c1b4e57c07c67feee0d3e210d23e29143a2f00e, type = JAR
[2012-07-10 07:08:10,800] [INFO] PUBLISH channel = thug.files, identifier = q6jyo@hp1, url = http://risqudoubleclick.info/w.php?f=d4fc7&e=2, md5 = 33a6a6942081bf48567b12d59bfb2c8a, sha1 = 1fd155f83665d3ee4bcee725089e6a502f25d23e, type = PE
[2012-07-10 07:08:18,186] [INFO] PUBLISH channel = thug.files, identifier = q6jyo@hp1, url = http://risqudoubleclick.info/w.php?f=cb27f&e=2, md5 = 833501ffd9a1218baa3b7bd1f047ed87, sha1 = f9ab1d2c769b4e7233d5f2354014be4f2eb822fc, type = PE
[2012-07-10 07:08:18,486] [INFO] PUBLISH channel = thug.files, identifier = q6jyo@hp1, url = http://risqudoubleclick.info/data/ap1.php?f=d4fc7::cb27f, md5 = e29bc45ec65ca75bce68c47f3573aba0, sha1 = 84daa842a055d77b4973c5011d6ec5cab1fcb72b, type = PDF
[2012-07-10 07:08:24,241] [INFO] PUBLISH channel = thug.files, identifier = q6jyo@hp1, url = http://risqudoubleclick.info/w.php?e=5&f=d4fc7, md5 = 33a6a6942081bf48567b12d59bfb2c8a, sha1 = 1fd155f83665d3ee4bcee725089e6a502f25d23e, type = PE
[2012-07-10 07:08:32,724] [INFO] PUBLISH channel = thug.files, identifier = q6jyo@hp1, url = http://risqudoubleclick.info/w.php?e=5&f=cb27f, md5 = 833501ffd9a1218baa3b7bd1f047ed87, sha1 = f9ab1d2c769b4e7233d5f2354014be4f2eb822fc, type = PE
[2012-07-10 07:08:32,727] [INFO] PUBLISH channel = thug.files, identifier = q6jyo@hp1, url = http://risqudoubleclick.info/data/field.swf, md5 = 502da89357ca5d7c85dc7a67f8977b21, sha1 = d55886f888b40f7c4069473c59408afb6ed8a2df, type = SWF
[2012-07-10 07:08:32,727] [INFO] PUBLISH channel = thug.files, identifier = q6jyo@hp1, url = http://risqudoubleclick.info/data/field.swf, md5 = 502da89357ca5d7c85dc7a67f8977b21, sha1 = d55886f888b40f7c4069473c59408afb6ed8a2df, type = SWF
[2012-07-10 08:07:27,639] [INFO] PUBLISH channel = thug.files, identifier = q6jyo@hp1, url = http://campanhaacorrentedobem.org/wp-content/busca.php?s=fZ3943A0&id=6, md5 = 11ea73805df029a554777c1ce9f52cb3, sha1 = 107e518dcd5f3989fa0c00dd781c14d5c0eb7914, type = JAR
[2012-07-10 08:07:29,886] [INFO] PUBLISH channel = thug.files, identifier = q6jyo@hp1, url = http://campanhaacorrentedobem.org/wp-content/busca.php?s=fZ3943A0&id=2, md5 = a17ca9283a74f38ef66259ea3cca5f51, sha1 = 227a3bbbf1b6a06e32d5891a9f97adbc52944336, type = PDF
[2012-07-10 08:07:31,742] [INFO] PUBLISH channel = thug.files, identifier = q6jyo@hp1, url = http://campanhaacorrentedobem.org/wp-content/busca.php?s=fZ3943A0&id=3, md5 = 698172cfa63c2395555c8e356d401d9e, sha1 = 5aefd0aacd9b4c268e1b1f3c2ba14a08f169447c, type = SWF
[2012-07-10 08:07:34,241] [INFO] PUBLISH channel = thug.files, identifier = q6jyo@hp1, url = http://campanhaacorrentedobem.org/wp-content/busca.php?s=fZ3943A0&id=3, md5 = 698172cfa63c2395555c8e356d401d9e, sha1 = 5aefd0aacd9b4c268e1b1f3c2ba14a08f169447c, type = SWF
[2012-07-10 08:07:36,478] [INFO] PUBLISH channel = thug.files, identifier = q6jyo@hp1, url = http://campanhaacorrentedobem.org/wp-content/busca.php?s=fZ3943A0&id=3, md5 = 698172cfa63c2395555c8e356d401d9e, sha1 = 5aefd0aacd9b4c268e1b1f3c2ba14a08f169447c, type = SWF
[2012-07-10 08:07:38,397] [INFO] PUBLISH channel = thug.files, identifier = q6jyo@hp1, url = http://campanhaacorrentedobem.org/wp-content/busca.php?s=fZ3943A0&id=3, md5 = 698172cfa63c2395555c8e356d401d9e, sha1 = 5aefd0aacd9b4c268e1b1f3c2ba14a08f169447c, type = SWF
[2012-07-10 08:18:37,567] [INFO] PUBLISH channel = thug.files, identifier = q6jyo@hp1, url = http://pantanal2006.sites.uol.com.br/dados/mar/imgtd.jpg, md5 = 2c01faf9b4894043aa8a8576bc32543f, sha1 = 821cf653f0b7bad7e3d676106d774e8b06554e46, type = PE
[2012-07-10 08:23:30,495] [INFO] PUBLISH channel = thug.files, identifier = q6jyo@hp1, url = http://59.120.59.2/c_big5/images/main_01.swf, md5 = 270494dcb8547ac91d7def76b4a5120f, sha1 = 70b6c6fef1cca09fb1f73436846b50a85a8f5ff8, type = SWF
[2012-07-10 08:23:36,819] [INFO] PUBLISH channel = thug.files, identifier = q6jyo@hp1, url = http://59.120.59.2/c_big5/images/main_01.swf, md5 = 270494dcb8547ac91d7def76b4a5120f, sha1 = 70b6c6fef1cca09fb1f73436846b50a85a8f5ff8, type = SWF
[2012-07-10 08:48:55,964] [INFO] PUBLISH channel = thug.files, identifier = q6jyo@hp1, url = http://www.gothamcenter.org/books/jackets/bookest.cab, md5 = 72cc7286e39995045ae3e211eaea81cf, sha1 = e667c1f58fe58dfb29a3efb206d3b65d277cedf3, type = PE
